14:36:43 **** Incremental Build of configuration Debug for project Lecture3_Ex8_home2 ****
Info: Internal Builder is used for build
gcc -o Lecture3_Ex8_home2.exe main.o 
Info: Nothing to build for Lecture3_Ex8_home2
Info: Nothing to build for Lecture3_Ex8_home2
Info: Nothing to build for Lecture3_Ex8_home2
Info: Nothing to build for Lecture3_Ex8_home2
Info: Nothing to build for Lecture3_Ex8_home2
Info: Nothing to build for Lecture3_Ex8_home2
21:14:32 **** Rebuild of configuration Debug for project Lecture3_Ex1 ****
Info: Internal Builder is used for build
gcc -O0 -g3 -Wall -c -fmessage-length=0 -o main.o "..\\main.c" 
gcc -o Lecture3_Ex1.exe main.o 
21:17:37 **** Incremental Build of configuration Debug for project Lecture3_Ex1 ****
Info: Internal Builder is used for build
gcc -O0 -g3 -Wall -c -fmessage-length=0 -o main.o "..\\main.c" 
gcc -o Lecture3_Ex1.exe main.o 
21:27:56 **** Incremental Build of configuration Debug for project Lecture3_Ex1 ****
Info: Internal Builder is used for build
gcc -O0 -g3 -Wall -c -fmessage-length=0 -o main.o "..\\main.c" 
gcc -o Lecture3_Ex1.exe main.o 
21:28:58 **** Incremental Build of configuration Debug for project Lecture3_Ex1 ****
Info: Internal Builder is used for build
gcc -O0 -g3 -Wall -c -fmessage-length=0 -o main.o "..\\main.c" 
gcc -o Lecture3_Ex1.exe main.o 
21:45:20 **** Incremental Build of configuration Debug for project Lecture3_Ex1 ****
Info: Internal Builder is used for build
gcc -O0 -g3 -Wall -c -fmessage-length=0 -o main.o "..\\main.c" 
gcc -o Lecture3_Ex1.exe main.o 
22:37:23 **** Incremental Build of configuration Debug for project Lecture3_Ex1 ****
Info: Internal Builder is used for build
gcc -O0 -g3 -Wall -c -fmessage-length=0 -o main.o "..\\main.c" 
..\main.c: In function 'main':
..\main.c:13:11: warning: variable 'b' set but not used [-Wunused-but-set-variable]
  float a, b;
           ^
..\main.c:13:8: warning: variable 'a' set but not used [-Wunused-but-set-variable]
  float a, b;
        ^
..\main.c:12:23: warning: variable 'l' set but not used [-Wunused-but-set-variable]
  int i = 2, j = 3, k, l;
                       ^
..\main.c:12:20: warning: variable 'k' set but not used [-Wunused-but-set-variable]
  int i = 2, j = 3, k, l;
                    ^
gcc -o Lecture3_Ex1.exe main.o 
22:38:28 **** Incremental Build of configuration Debug for project Lecture3_Ex1 ****
Info: Internal Builder is used for build
gcc -O0 -g3 -Wall -c -fmessage-length=0 -o main.o "..\\main.c" 
..\main.c: In function 'main':
..\main.c:13:11: warning: variable 'b' set but not used [-Wunused-but-set-variable]
  float a, b;
           ^
..\main.c:13:8: warning: variable 'a' set but not used [-Wunused-but-set-variable]
  float a, b;
        ^
..\main.c:12:23: warning: variable 'l' set but not used [-Wunused-but-set-variable]
  int i = 2, j = 3, k, l;
                       ^
..\main.c:12:20: warning: variable 'k' set but not used [-Wunused-but-set-variable]
  int i = 2, j = 3, k, l;
                    ^
gcc -o Lecture3_Ex1.exe main.o 
22:38:46 **** Incremental Build of configuration Debug for project Lecture3_Ex1 ****
Info: Internal Builder is used for build
gcc -O0 -g3 -Wall -c -fmessage-length=0 -o main.o "..\\main.c" 
..\main.c: In function 'main':
..\main.c:13:11: warning: variable 'b' set but not used [-Wunused-but-set-variable]
  float a, b;
           ^
..\main.c:13:8: warning: variable 'a' set but not used [-Wunused-but-set-variable]
  float a, b;
        ^
..\main.c:12:23: warning: variable 'l' set but not used [-Wunused-but-set-variable]
  int i = 2, j = 3, k, l;
                       ^
..\main.c:12:20: warning: variable 'k' set but not used [-Wunused-but-set-variable]
  int i = 2, j = 3, k, l;
                    ^
gcc -o Lecture3_Ex1.exe main.o 
22:42:39 **** Incremental Build of configuration Debug for project Lecture3_Ex1 ****
Info: Internal Builder is used for build
gcc -O0 -g3 -Wall -c -fmessage-length=0 -o main.o "..\\main.c" 
..\main.c: In function 'main':
..\main.c:13:11: warning: variable 'b' set but not used [-Wunused-but-set-variable]
  float a, b;
           ^
..\main.c:13:8: warning: variable 'a' set but not used [-Wunused-but-set-variable]
  float a, b;
        ^
..\main.c:12:23: warning: variable 'l' set but not used [-Wunused-but-set-variable]
  int i = 2, j = 3, k, l;
                       ^
..\main.c:12:20: warning: variable 'k' set but not used [-Wunused-but-set-variable]
  int i = 2, j = 3, k, l;
                    ^
gcc -o Lecture3_Ex1.exe main.o 
22:44:10 **** Incremental Build of configuration Debug for project Lecture3_Ex1 ****
Info: Internal Builder is used for build
gcc -O0 -g3 -Wall -c -fmessage-length=0 -o main.o "..\\main.c" 
..\main.c: In function 'main':
..\main.c:13:11: warning: variable 'b' set but not used [-Wunused-but-set-variable]
  float a, b;
           ^
..\main.c:13:8: warning: variable 'a' set but not used [-Wunused-but-set-variable]
  float a, b;
        ^
..\main.c:12:23: warning: variable 'l' set but not used [-Wunused-but-set-variable]
  int i = 2, j = 3, k, l;
                       ^
..\main.c:12:20: warning: variable 'k' set but not used [-Wunused-but-set-variable]
  int i = 2, j = 3, k, l;
                    ^
gcc -o Lecture3_Ex1.exe main.o 
22:44:20 **** Incremental Build of configuration Debug for project Lecture3_Ex1 ****
Info: Internal Builder is used for build
gcc -O0 -g3 -Wall -c -fmessage-length=0 -o main.o "..\\main.c" 
..\main.c: In function 'main':
..\main.c:13:11: warning: variable 'b' set but not used [-Wunused-but-set-variable]
  float a, b;
           ^
..\main.c:13:8: warning: variable 'a' set but not used [-Wunused-but-set-variable]
  float a, b;
        ^
..\main.c:12:23: warning: variable 'l' set but not used [-Wunused-but-set-variable]
  int i = 2, j = 3, k, l;
                       ^
..\main.c:12:20: warning: variable 'k' set but not used [-Wunused-but-set-variable]
  int i = 2, j = 3, k, l;
                    ^
gcc -o Lecture3_Ex1.exe main.o 
09:56:32 **** Incremental Build of configuration Debug for project Lecture3_Ex1 ****
Info: Internal Builder is used for build
gcc -O0 -g3 -Wall -c -fmessage-length=0 -o main.o "..\\main.c" 
gcc -o Lecture3_Ex1.exe main.o 
09:57:40 **** Incremental Build of configuration Debug for project Lecture3_Ex1 ****
Info: Internal Builder is used for build
gcc -O0 -g3 -Wall -c -fmessage-length=0 -o main.o "..\\main.c" 
gcc -o Lecture3_Ex1.exe main.o 
Info: Nothing to build for Lecture3_Ex1
Info: Nothing to build for Lecture3_Ex1
Info: Nothing to build for Lecture3_Ex1
Info: Nothing to build for Lecture3_Ex1
10:22:02 **** Incremental Build of configuration Debug for project Lecture3_Ex1 ****
Info: Internal Builder is used for build
gcc -O0 -g3 -Wall -c -fmessage-length=0 -o main.o "..\\main.c" 
gcc -o Lecture3_Ex1.exe main.o 
c:/mingw/bin/../lib/gcc/mingw32/6.3.0/../../../../mingw32/bin/ld.exe: cannot open output file Lecture3_Ex1.exe: Permission denied
collect2.exe: error: ld returned 1 exit status
10:22:21 **** Incremental Build of configuration Debug for project Lecture3_Ex1 ****
Info: Internal Builder is used for build
gcc -O0 -g3 -Wall -c -fmessage-length=0 -o main.o "..\\main.c" 
gcc -o Lecture3_Ex1.exe main.o 
c:/mingw/bin/../lib/gcc/mingw32/6.3.0/../../../../mingw32/bin/ld.exe: cannot open output file Lecture3_Ex1.exe: Permission denied
collect2.exe: error: ld returned 1 exit status
10:22:28 **** Incremental Build of configuration Debug for project Lecture3_Ex1 ****
Info: Internal Builder is used for build
gcc -O0 -g3 -Wall -c -fmessage-length=0 -o main.o "..\\main.c" 
gcc -o Lecture3_Ex1.exe main.o 
c:/mingw/bin/../lib/gcc/mingw32/6.3.0/../../../../mingw32/bin/ld.exe: cannot open output file Lecture3_Ex1.exe: Permission denied
collect2.exe: error: ld returned 1 exit status
10:22:44 **** Incremental Build of configuration Debug for project Lecture3_Ex1 ****
Info: Internal Builder is used for build
gcc -O0 -g3 -Wall -c -fmessage-length=0 -o main.o "..\\main.c" 
gcc -o Lecture3_Ex1.exe main.o 
c:/mingw/bin/../lib/gcc/mingw32/6.3.0/../../../../mingw32/bin/ld.exe: cannot open output file Lecture3_Ex1.exe: Permission denied
collect2.exe: error: ld returned 1 exit status
10:22:56 **** Incremental Build of configuration Debug for project Lecture3_Ex1 ****
Info: Internal Builder is used for build
gcc -O0 -g3 -Wall -c -fmessage-length=0 -o main.o "..\\main.c" 
gcc -o Lecture3_Ex1.exe main.o 
c:/mingw/bin/../lib/gcc/mingw32/6.3.0/../../../../mingw32/bin/ld.exe: cannot open output file Lecture3_Ex1.exe: Permission denied
collect2.exe: error: ld returned 1 exit status
10:23:05 **** Incremental Build of configuration Debug for project Lecture3_Ex1 ****
Info: Internal Builder is used for build
gcc -O0 -g3 -Wall -c -fmessage-length=0 -o main.o "..\\main.c" 
gcc -o Lecture3_Ex1.exe main.o 
c:/mingw/bin/../lib/gcc/mingw32/6.3.0/../../../../mingw32/bin/ld.exe: cannot open output file Lecture3_Ex1.exe: Permission denied
collect2.exe: error: ld returned 1 exit status
10:23:53 **** Incremental Build of configuration Debug for project Lecture3_Ex1 ****
Info: Internal Builder is used for build
gcc -o Lecture3_Ex1.exe main.o 
10:24:10 **** Incremental Build of configuration Debug for project Lecture3_Ex1 ****
Info: Internal Builder is used for build
gcc -O0 -g3 -Wall -c -fmessage-length=0 -o main.o "..\\main.c" 
gcc -o Lecture3_Ex1.exe main.o 
10:24:21 **** Incremental Build of configuration Debug for project Lecture3_Ex1 ****
Info: Internal Builder is used for build
gcc -O0 -g3 -Wall -c -fmessage-length=0 -o main.o "..\\main.c" 
gcc -o Lecture3_Ex1.exe main.o 
10:24:32 **** Incremental Build of configuration Debug for project Lecture3_Ex1 ****
Info: Internal Builder is used for build
gcc -O0 -g3 -Wall -c -fmessage-length=0 -o main.o "..\\main.c" 
gcc -o Lecture3_Ex1.exe main.o 
10:25:02 **** Incremental Build of configuration Debug for project Lecture3_Ex1 ****
Info: Internal Builder is used for build
gcc -O0 -g3 -Wall -c -fmessage-length=0 -o main.o "..\\main.c" 
gcc -o Lecture3_Ex1.exe main.o 
10:25:37 **** Incremental Build of configuration Debug for project Lecture3_Ex1 ****
Info: Internal Builder is used for build
gcc -O0 -g3 -Wall -c -fmessage-length=0 -o main.o "..\\main.c" 
gcc -o Lecture3_Ex1.exe main.o 
10:25:55 **** Incremental Build of configuration Debug for project Lecture3_Ex1 ****
Info: Internal Builder is used for build
gcc -O0 -g3 -Wall -c -fmessage-length=0 -o main.o "..\\main.c" 
gcc -o Lecture3_Ex1.exe main.o 
10:42:21 **** Incremental Build of configuration Debug for project Lecture3_Ex1 ****
Info: Internal Builder is used for build
gcc -O0 -g3 -Wall -c -fmessage-length=0 -o main.o "..\\main.c" 
gcc -o Lecture3_Ex1.exe main.o 
10:42:57 **** Incremental Build of configuration Debug for project Lecture3_Ex1 ****
Info: Internal Builder is used for build
gcc -O0 -g3 -Wall -c -fmessage-length=0 -o main.o "..\\main.c" 
gcc -o Lecture3_Ex1.exe main.o 
11:06:18 **** Incremental Build of configuration Debug for project Lecture3_Ex1 ****
Info: Internal Builder is used for build
gcc -O0 -g3 -Wall -c -fmessage-length=0 -o main.o "..\\main.c" 
gcc -o Lecture3_Ex1.exe main.o 
11:50:38 **** Incremental Build of configuration Debug for project Lecture3_Ex1 ****
Info: Internal Builder is used for build
gcc -O0 -g3 -Wall -c -fmessage-length=0 -o main.o "..\\main.c" 
gcc -o Lecture3_Ex1.exe main.o 
11:51:07 **** Incremental Build of configuration Debug for project Lecture3_Ex1 ****
Info: Internal Builder is used for build
gcc -O0 -g3 -Wall -c -fmessage-length=0 -o main.o "..\\main.c" 
gcc -o Lecture3_Ex1.exe main.o 
11:59:58 **** Incremental Build of configuration Debug for project Lecture3_Ex1 ****
Info: Internal Builder is used for build
gcc -O0 -g3 -Wall -c -fmessage-length=0 -o main.o "..\\main.c" 
gcc -o Lecture3_Ex1.exe main.o 
12:00:06 **** Incremental Build of configuration Debug for project Lecture3_Ex1 ****
Info: Internal Builder is used for build
gcc -O0 -g3 -Wall -c -fmessage-length=0 -o main.o "..\\main.c" 
gcc -o Lecture3_Ex1.exe main.o 
12:00:26 **** Incremental Build of configuration Debug for project Lecture3_Ex1 ****
Info: Internal Builder is used for build
gcc -O0 -g3 -Wall -c -fmessage-length=0 -o main.o "..\\main.c" 
gcc -o Lecture3_Ex1.exe main.o 
12:00:32 **** Incremental Build of configuration Debug for project Lecture3_Ex1 ****
Info: Internal Builder is used for build
gcc -O0 -g3 -Wall -c -fmessage-length=0 -o main.o "..\\main.c" 
gcc -o Lecture3_Ex1.exe main.o 
12:00:48 **** Incremental Build of configuration Debug for project Lecture3_Ex1 ****
Info: Internal Builder is used for build
gcc -O0 -g3 -Wall -c -fmessage-length=0 -o main.o "..\\main.c" 
gcc -o Lecture3_Ex1.exe main.o 
12:00:55 **** Incremental Build of configuration Debug for project Lecture3_Ex1 ****
Info: Internal Builder is used for build
gcc -O0 -g3 -Wall -c -fmessage-length=0 -o main.o "..\\main.c" 
gcc -o Lecture3_Ex1.exe main.o 
12:02:59 **** Incremental Build of configuration Debug for project Lecture3_Ex1 ****
Info: Internal Builder is used for build
gcc -O0 -g3 -Wall -c -fmessage-length=0 -o main.o "..\\main.c" 
gcc -o Lecture3_Ex1.exe main.o 
12:03:07 **** Incremental Build of configuration Debug for project Lecture3_Ex1 ****
Info: Internal Builder is used for build
gcc -O0 -g3 -Wall -c -fmessage-length=0 -o main.o "..\\main.c" 
gcc -o Lecture3_Ex1.exe main.o 
12:03:16 **** Incremental Build of configuration Debug for project Lecture3_Ex1 ****
Info: Internal Builder is used for build
gcc -O0 -g3 -Wall -c -fmessage-length=0 -o main.o "..\\main.c" 
gcc -o Lecture3_Ex1.exe main.o 
12:07:31 **** Incremental Build of configuration Debug for project Lecture3_Ex1 ****
Info: Internal Builder is used for build
gcc -O0 -g3 -Wall -c -fmessage-length=0 -o main.o "..\\main.c" 
gcc -o Lecture3_Ex1.exe main.o 
12:07:38 **** Incremental Build of configuration Debug for project Lecture3_Ex1 ****
Info: Internal Builder is used for build
gcc -O0 -g3 -Wall -c -fmessage-length=0 -o main.o "..\\main.c" 
gcc -o Lecture3_Ex1.exe main.o 
12:07:52 **** Incremental Build of configuration Debug for project Lecture3_Ex1 ****
Info: Internal Builder is used for build
gcc -O0 -g3 -Wall -c -fmessage-length=0 -o main.o "..\\main.c" 
gcc -o Lecture3_Ex1.exe main.o 
12:07:58 **** Incremental Build of configuration Debug for project Lecture3_Ex1 ****
Info: Internal Builder is used for build
gcc -O0 -g3 -Wall -c -fmessage-length=0 -o main.o "..\\main.c" 
gcc -o Lecture3_Ex1.exe main.o 
12:08:20 **** Incremental Build of configuration Debug for project Lecture3_Ex1 ****
Info: Internal Builder is used for build
gcc -O0 -g3 -Wall -c -fmessage-length=0 -o main.o "..\\main.c" 
gcc -o Lecture3_Ex1.exe main.o 
12:08:26 **** Incremental Build of configuration Debug for project Lecture3_Ex1 ****
Info: Internal Builder is used for build
gcc -O0 -g3 -Wall -c -fmessage-length=0 -o main.o "..\\main.c" 
gcc -o Lecture3_Ex1.exe main.o 
12:09:56 **** Incremental Build of configuration Debug for project Lecture3_Ex1 ****
Info: Internal Builder is used for build
gcc -O0 -g3 -Wall -c -fmessage-length=0 -o main.o "..\\main.c" 
..\main.c: In function 'main':
..\main.c:14:15: warning: format '%u' expects argument of type 'unsigned int', but argument 2 has type 'long long int' [-Wformat=]
  printf("x = %u ", x);
               ^
gcc -o Lecture3_Ex1.exe main.o 
12:10:09 **** Incremental Build of configuration Debug for project Lecture3_Ex1 ****
Info: Internal Builder is used for build
gcc -O0 -g3 -Wall -c -fmessage-length=0 -o main.o "..\\main.c" 
..\main.c: In function 'main':
..\main.c:14:15: warning: format '%u' expects argument of type 'unsigned int', but argument 2 has type 'long int' [-Wformat=]
  printf("x = %u ", x);
               ^
gcc -o Lecture3_Ex1.exe main.o 
12:10:17 **** Incremental Build of configuration Debug for project Lecture3_Ex1 ****
Info: Internal Builder is used for build
gcc -O0 -g3 -Wall -c -fmessage-length=0 -o main.o "..\\main.c" 
gcc -o Lecture3_Ex1.exe main.o 
14:37:04 **** Incremental Build of configuration Debug for project Lecture3_Ex1 ****
Info: Internal Builder is used for build
gcc -O0 -g3 -Wall -c -fmessage-length=0 -o main.o "..\\main.c" 
..\main.c: In function 'main':
..\main.c:21:5: warning: implicit declaration of function 'getche' [-Wimplicit-function-declaration]
  if(getche() =='y');
     ^~~~~~
..\main.c:21:2: warning: this 'if' clause does not guard... [-Wmisleading-indentation]
  if(getche() =='y');
  ^~
..\main.c:22:3: note: ...this statement, but the latter is misleadingly indented as if it is guarded by the 'if'
   goto evaluate_agin;
   ^~~~
..\main.c:17:7: warning: 'x' is used uninitialized in this function [-Wuninitialized]
  y = 5*x*x + 3*x +2;
      ~^~
gcc -o Lecture3_Ex1.exe main.o 
14:37:57 **** Incremental Build of configuration Debug for project Lecture3_Ex1 ****
Info: Internal Builder is used for build
gcc -O0 -g3 -Wall -c -fmessage-length=0 -o main.o "..\\main.c" 
..\main.c: In function 'main':
..\main.c:22:2: warning: this 'if' clause does not guard... [-Wmisleading-indentation]
  if(getche() =='y');
  ^~
..\main.c:23:3: note: ...this statement, but the latter is misleadingly indented as if it is guarded by the 'if'
   goto evaluate_agin;
   ^~~~
..\main.c:18:7: warning: 'x' is used uninitialized in this function [-Wuninitialized]
  y = 5*x*x + 3*x +2;
      ~^~
gcc -o Lecture3_Ex1.exe main.o 
c:/mingw/bin/../lib/gcc/mingw32/6.3.0/../../../../mingw32/bin/ld.exe: cannot open output file Lecture3_Ex1.exe: Permission denied
collect2.exe: error: ld returned 1 exit status
14:38:22 **** Incremental Build of configuration Debug for project Lecture3_Ex1 ****
Info: Internal Builder is used for build
gcc -O0 -g3 -Wall -c -fmessage-length=0 -o main.o "..\\main.c" 
..\main.c: In function 'main':
..\main.c:18:7: warning: 'x' is used uninitialized in this function [-Wuninitialized]
  y = 5*x*x + 3*x +2;
      ~^~
gcc -o Lecture3_Ex1.exe main.o 
c:/mingw/bin/../lib/gcc/mingw32/6.3.0/../../../../mingw32/bin/ld.exe: cannot open output file Lecture3_Ex1.exe: Permission denied
collect2.exe: error: ld returned 1 exit status
14:39:11 **** Incremental Build of configuration Debug for project Lecture3_Ex1 ****
Info: Internal Builder is used for build
gcc -o Lecture3_Ex1.exe main.o 
14:39:55 **** Incremental Build of configuration Debug for project Lecture3_Ex1 ****
Info: Internal Builder is used for build
gcc -O0 -g3 -Wall -c -fmessage-length=0 -o main.o "..\\main.c" 
..\main.c: In function 'main':
..\main.c:19:7: warning: 'x' is used uninitialized in this function [-Wuninitialized]
  y = 5*x*x + 3*x +2;
      ~^~
gcc -o Lecture3_Ex1.exe main.o 
14:40:22 **** Incremental Build of configuration Debug for project Lecture3_Ex1 ****
Info: Internal Builder is used for build
gcc -O0 -g3 -Wall -c -fmessage-length=0 -o main.o "..\\main.c" 
..\main.c: In function 'main':
..\main.c:19:7: warning: 'x' is used uninitialized in this function [-Wuninitialized]
  y = 5*x*x + 3*x +2;
      ~^~
gcc -o Lecture3_Ex1.exe main.o 
c:/mingw/bin/../lib/gcc/mingw32/6.3.0/../../../../mingw32/bin/ld.exe: cannot open output file Lecture3_Ex1.exe: Permission denied
collect2.exe: error: ld returned 1 exit status
14:41:14 **** Incremental Build of configuration Debug for project Lecture3_Ex1 ****
Info: Internal Builder is used for build
gcc -O0 -g3 -Wall -c -fmessage-length=0 -o main.o "..\\main.c" 
..\main.c: In function 'main':
..\main.c:19:9: warning: 'x' is used uninitialized in this function [-Wuninitialized]
  y = (5 * x * x) + (3 * x) +2;
       ~~^~~
gcc -o Lecture3_Ex1.exe main.o 
c:/mingw/bin/../lib/gcc/mingw32/6.3.0/../../../../mingw32/bin/ld.exe: cannot open output file Lecture3_Ex1.exe: Permission denied
collect2.exe: error: ld returned 1 exit status
15:25:07 **** Incremental Build of configuration Debug for project Lecture3_Ex1 ****
Info: Internal Builder is used for build
gcc -O0 -g3 -Wall -c -fmessage-length=0 -o main.o "..\\main.c" 
..\main.c: In function 'main':
..\main.c:19:10: warning: format '%f' expects argument of type 'float *', but argument 2 has type 'double' [-Wformat=]
  scanf("%f", x);
          ^
..\main.c:19:2: warning: 'x' is used uninitialized in this function [-Wuninitialized]
  scanf("%f", x);
  ^~~~~~~~~~~~~~
gcc -o Lecture3_Ex1.exe main.o 
Info: Nothing to build for Lecture3_Ex1
Info: Nothing to build for Lecture3_Ex1
Info: Nothing to build for Lecture3_Ex1
15:49:36 **** Rebuild of configuration Debug for project Lecture3_Ex1 ****
Info: Internal Builder is used for build
gcc -O0 -g3 -Wall -c -fmessage-length=0 -o main.o "..\\main.c" 
..\main.c: In function 'main':
..\main.c:19:10: warning: format '%f' expects argument of type 'float *', but argument 2 has type 'double' [-Wformat=]
  scanf("%f", x);
          ^
..\main.c:19:2: warning: 'x' is used uninitialized in this function [-Wuninitialized]
  scanf("%f", x);
  ^~~~~~~~~~~~~~
gcc -o Lecture3_Ex1.exe main.o 
15:49:39 **** Rebuild of configuration Debug for project Lecture3_Ex1_home2 ****
Info: Internal Builder is used for build
gcc -O0 -g3 -Wall -c -fmessage-length=0 -o main.o "..\\main.c" 
gcc -o Lecture3_Ex1_home2.exe main.o 
15:49:39 **** Rebuild of configuration Debug for project Lecture3_Ex2 ****
Info: Internal Builder is used for build
gcc -O0 -g3 -Wall -c -fmessage-length=0 -o main.o "..\\main.c" 
gcc -o Lecture3_Ex2.exe main.o 
15:49:40 **** Rebuild of configuration Debug for project Lecture3_Ex2_home2 ****
Info: Internal Builder is used for build
gcc -O0 -g3 -Wall -c -fmessage-length=0 -o main.o "..\\main.c" 
gcc -o Lecture3_Ex2_home2.exe main.o 
15:49:41 **** Rebuild of configuration Debug for project Lecture3_Ex3 ****
Info: Internal Builder is used for build
gcc -O0 -g3 -Wall -c -fmessage-length=0 -o main.o "..\\main.c" 
gcc -o Lecture3_Ex3.exe main.o 
15:49:41 **** Rebuild of configuration Debug for project Lecture3_Ex3_home2 ****
Info: Internal Builder is used for build
gcc -O0 -g3 -Wall -c -fmessage-length=0 -o main.o "..\\main.c" 
gcc -o Lecture3_Ex3_home2.exe main.o 
15:49:42 **** Rebuild of configuration Debug for project Lecture3_Ex4 ****
Info: Internal Builder is used for build
gcc -O0 -g3 -Wall -c -fmessage-length=0 -o main.o "..\\main.c" 
gcc -o Lecture3_Ex4.exe main.o 
15:49:42 **** Rebuild of configuration Debug for project Lecture3_Ex4_home2 ****
Info: Internal Builder is used for build
gcc -O0 -g3 -Wall -c -fmessage-length=0 -o main.o "..\\main.c" 
gcc -o Lecture3_Ex4_home2.exe main.o 
15:49:43 **** Rebuild of configuration Debug for project Lecture3_Ex5 ****
Info: Internal Builder is used for build
gcc -O0 -g3 -Wall -c -fmessage-length=0 -o main.o "..\\main.c" 
gcc -o Lecture3_Ex5.exe main.o 
15:49:44 **** Rebuild of configuration Debug for project Lecture3_Ex5_home2 ****
Info: Internal Builder is used for build
gcc -O0 -g3 -Wall -c -fmessage-length=0 -o main.o "..\\main.c" 
gcc -o Lecture3_Ex5_home2.exe main.o 
15:49:44 **** Rebuild of configuration Debug for project Lecture3_Ex6 ****
Info: Internal Builder is used for build
gcc -O0 -g3 -Wall -c -fmessage-length=0 -o main.o "..\\main.c" 
gcc -o Lecture3_Ex6.exe main.o 
15:49:45 **** Rebuild of configuration Debug for project Lecture3_Ex6_home2 ****
Info: Internal Builder is used for build
gcc -O0 -g3 -Wall -c -fmessage-length=0 -o main.o "..\\main.c" 
gcc -o Lecture3_Ex6_home2.exe main.o 
15:49:45 **** Rebuild of configuration Debug for project Lecture3_Ex7 ****
Info: Internal Builder is used for build
gcc -O0 -g3 -Wall -c -fmessage-length=0 -o main.o "..\\main.c" 
gcc -o Lecture3_Ex7.exe main.o 
15:49:46 **** Rebuild of configuration Debug for project Lecture3_Ex7_home2 ****
Info: Internal Builder is used for build
gcc -O0 -g3 -Wall -c -fmessage-length=0 -o main.o "..\\main.c" 
gcc -o Lecture3_Ex7_home2.exe main.o 
15:49:47 **** Rebuild of configuration Debug for project Lecture3_Ex8_home2 ****
Info: Internal Builder is used for build
gcc -O0 -g3 -Wall -c -fmessage-length=0 -o main.o "..\\main.c" 
gcc -o Lecture3_Ex8_home2.exe main.o 
15:49:47 **** Rebuild of configuration Debug for project prime numbers ****
Info: Internal Builder is used for build
gcc -O0 -g3 -Wall -c -fmessage-length=0 -o main.o "..\\main.c" 
gcc -o "prime numbers.exe" main.o 
16:01:50 **** Rebuild of configuration Debug for project Lecture3_Ex1 ****
Info: Internal Builder is used for build
gcc -O0 -g3 -Wall -c -fmessage-length=0 -o main.o "..\\main.c" 
..\main.c: In function 'main':
..\main.c:19:10: warning: format '%f' expects argument of type 'float *', but argument 2 has type 'double' [-Wformat=]
  scanf("%f", x);
          ^
..\main.c:19:2: warning: 'x' is used uninitialized in this function [-Wuninitialized]
  scanf("%f", x);
  ^~~~~~~~~~~~~~
gcc -o Lecture3_Ex1.exe main.o 
16:01:52 **** Rebuild of configuration Debug for project Lecture3_Ex1_home2 ****
Info: Internal Builder is used for build
gcc -O0 -g3 -Wall -c -fmessage-length=0 -o main.o "..\\main.c" 
gcc -o Lecture3_Ex1_home2.exe main.o 
16:01:52 **** Rebuild of configuration Debug for project Lecture3_Ex2 ****
Info: Internal Builder is used for build
gcc -O0 -g3 -Wall -c -fmessage-length=0 -o main.o "..\\main.c" 
gcc -o Lecture3_Ex2.exe main.o 
16:01:53 **** Rebuild of configuration Debug for project Lecture3_Ex2_home2 ****
Info: Internal Builder is used for build
gcc -O0 -g3 -Wall -c -fmessage-length=0 -o main.o "..\\main.c" 
gcc -o Lecture3_Ex2_home2.exe main.o 
16:01:53 **** Rebuild of configuration Debug for project Lecture3_Ex3 ****
Info: Internal Builder is used for build
gcc -O0 -g3 -Wall -c -fmessage-length=0 -o main.o "..\\main.c" 
gcc -o Lecture3_Ex3.exe main.o 
16:01:54 **** Rebuild of configuration Debug for project Lecture3_Ex3_home2 ****
Info: Internal Builder is used for build
gcc -O0 -g3 -Wall -c -fmessage-length=0 -o main.o "..\\main.c" 
gcc -o Lecture3_Ex3_home2.exe main.o 
16:01:54 **** Rebuild of configuration Debug for project Lecture3_Ex4 ****
Info: Internal Builder is used for build
gcc -O0 -g3 -Wall -c -fmessage-length=0 -o main.o "..\\main.c" 
gcc -o Lecture3_Ex4.exe main.o 
16:01:55 **** Rebuild of configuration Debug for project Lecture3_Ex4_home2 ****
Info: Internal Builder is used for build
gcc -O0 -g3 -Wall -c -fmessage-length=0 -o main.o "..\\main.c" 
gcc -o Lecture3_Ex4_home2.exe main.o 
16:01:55 **** Rebuild of configuration Debug for project Lecture3_Ex5 ****
Info: Internal Builder is used for build
gcc -O0 -g3 -Wall -c -fmessage-length=0 -o main.o "..\\main.c" 
gcc -o Lecture3_Ex5.exe main.o 
16:01:56 **** Rebuild of configuration Debug for project Lecture3_Ex5_home2 ****
Info: Internal Builder is used for build
gcc -O0 -g3 -Wall -c -fmessage-length=0 -o main.o "..\\main.c" 
gcc -o Lecture3_Ex5_home2.exe main.o 
16:01:57 **** Rebuild of configuration Debug for project Lecture3_Ex6 ****
Info: Internal Builder is used for build
gcc -O0 -g3 -Wall -c -fmessage-length=0 -o main.o "..\\main.c" 
gcc -o Lecture3_Ex6.exe main.o 
16:01:57 **** Rebuild of configuration Debug for project Lecture3_Ex6_home2 ****
Info: Internal Builder is used for build
gcc -O0 -g3 -Wall -c -fmessage-length=0 -o main.o "..\\main.c" 
gcc -o Lecture3_Ex6_home2.exe main.o 
16:01:58 **** Rebuild of configuration Debug for project Lecture3_Ex7 ****
Info: Internal Builder is used for build
gcc -O0 -g3 -Wall -c -fmessage-length=0 -o main.o "..\\main.c" 
gcc -o Lecture3_Ex7.exe main.o 
16:01:58 **** Rebuild of configuration Debug for project Lecture3_Ex7_home2 ****
Info: Internal Builder is used for build
gcc -O0 -g3 -Wall -c -fmessage-length=0 -o main.o "..\\main.c" 
gcc -o Lecture3_Ex7_home2.exe main.o 
16:01:59 **** Rebuild of configuration Debug for project Lecture3_Ex8_home2 ****
Info: Internal Builder is used for build
gcc -O0 -g3 -Wall -c -fmessage-length=0 -o main.o "..\\main.c" 
gcc -o Lecture3_Ex8_home2.exe main.o 
Info: Nothing to build for doop
16:02:00 **** Rebuild of configuration Debug for project osama ****
Info: Internal Builder is used for build
gcc -O0 -g3 -Wall -c -fmessage-length=0 -o maik.o "..\\maik.c" 
gcc -o osama.exe maik.o 
16:02:00 **** Rebuild of configuration Debug for project prime numbers ****
Info: Internal Builder is used for build
gcc -O0 -g3 -Wall -c -fmessage-length=0 -o main.o "..\\main.c" 
gcc -o "prime numbers.exe" main.o 
Info: Nothing to build for Lecture3_Ex1
Info: Nothing to build for Lecture3_Ex1_home2
Info: Nothing to build for Lecture3_Ex2
Info: Nothing to build for Lecture3_Ex2_home2
Info: Nothing to build for Lecture3_Ex3
Info: Nothing to build for Lecture3_Ex3_home2
Info: Nothing to build for Lecture3_Ex4
Info: Nothing to build for Lecture3_Ex4_home2
Info: Nothing to build for Lecture3_Ex5
Info: Nothing to build for Lecture3_Ex5_home2
Info: Nothing to build for Lecture3_Ex6
Info: Nothing to build for Lecture3_Ex6_home2
Info: Nothing to build for Lecture3_Ex7
Info: Nothing to build for Lecture3_Ex7_home2
Info: Nothing to build for Lecture3_Ex8_home2
Info: Nothing to build for osama
Info: Nothing to build for prime numbers
