Info: Nothing to build for Bit
01:47:08 **** Incremental Build of configuration Debug for project Bit ****
Info: Internal Builder is used for build
gcc -ansi -std=c89 -O0 -g3 -Wall -c -fmessage-length=0 -o main.o "..\\main.c" 
gcc -ansi -std=c89 -o Bit.exe main.o 
01:49:09 **** Incremental Build of configuration Debug for project Bit ****
Info: Internal Builder is used for build
gcc -ansi -std=c89 -O0 -g3 -Wall -c -fmessage-length=0 -o main.o "..\\main.c" 
gcc -ansi -std=c89 -o Bit.exe main.o 
01:51:04 **** Incremental Build of configuration Debug for project Bit ****
Info: Internal Builder is used for build
gcc -ansi -std=c89 -O0 -g3 -Wall -c -fmessage-length=0 -o main.o "..\\main.c" 
gcc -ansi -std=c89 -o Bit.exe main.o 
c:/mingw/bin/../lib/gcc/mingw32/6.3.0/../../../../mingw32/bin/ld.exe: cannot open output file Bit.exe: Permission denied
collect2.exe: error: ld returned 1 exit status
01:51:15 **** Incremental Build of configuration Debug for project Bit ****
Info: Internal Builder is used for build
gcc -ansi -std=c89 -o Bit.exe main.o 
01:51:30 **** Incremental Build of configuration Debug for project Bit ****
Info: Internal Builder is used for build
gcc -ansi -std=c89 -O0 -g3 -Wall -c -fmessage-length=0 -o main.o "..\\main.c" 
gcc -ansi -std=c89 -o Bit.exe main.o 
01:55:36 **** Incremental Build of configuration Debug for project Bit ****
Info: Internal Builder is used for build
gcc -ansi -std=c89 -O0 -g3 -Wall -c -fmessage-length=0 -o main.o "..\\main.c" 
gcc -ansi -std=c89 -o Bit.exe main.o 
01:55:53 **** Incremental Build of configuration Debug for project Bit ****
Info: Internal Builder is used for build
gcc -ansi -std=c89 -O0 -g3 -Wall -c -fmessage-length=0 -o main.o "..\\main.c" 
gcc -ansi -std=c89 -o Bit.exe main.o 
01:56:14 **** Incremental Build of configuration Debug for project Bit ****
Info: Internal Builder is used for build
gcc -ansi -std=c89 -O0 -g3 -Wall -c -fmessage-length=0 -o main.o "..\\main.c" 
gcc -ansi -std=c89 -o Bit.exe main.o 
